<?xml version="1.0" encoding="UTF-8"?>
<testng-results skipped="0" failed="0" total="1" passed="1">
  <reporter-output>
  </reporter-output>
  <suite name="Default suite" duration-ms="28153" started-at="2020-02-24T09:12:33Z" finished-at="2020-02-24T09:13:02Z">
    <groups>
    </groups>
    <test name="Default test" duration-ms="28153" started-at="2020-02-24T09:12:33Z" finished-at="2020-02-24T09:13:02Z">
      <class name="Testscripts.Home">
        <test-method status="PASS" signature="testlogin()[pri:0, instance:Testscripts.Home@2d6a9952]" name="testlogin" duration-ms="28146" started-at="2020-02-24T14:42:33Z" finished-at="2020-02-24T14:43:02Z">
          <reporter-output>
          </reporter-output>
        </test-method> <!-- testlogin -->
      </class> <!-- Testscripts.Home -->
    </test> <!-- Default test -->
  </suite> <!-- Default suite -->
</testng-results>
